{
  "RSpec": {
    "coverage": {
      "/Users/dongockhanh/Desktop/meal-suit/meal-suite/app/controllers/comments_controller.rb": {
        "lines": [
          null,
          null,
          1,
          null,
          1,
          null,
          1,
          null,
          1,
          6,
          null,
          null,
          1,
          7,
          null,
          null,
          1,
          7,
          null,
          null,
          1,
          4,
          null,
          null,
          1,
          1,
          null,
          null,
          null,
          null,
          null,
          null,
          null
        ]
      },
      "/Users/dongockhanh/Desktop/meal-suit/meal-suite/app/controllers/application_controller.rb": {
        "lines": [
          1,
          null,
          1,
          1,
          null,
          1,
          null,
          1,
          1,
          1,
          1,
          null,
          0,
          null,
          null,
          null,
          null,
          1,
          null,
          1,
          1,
          null,
          null,
          1,
          0,
          null,
          null,
          1,
          1,
          null,
          null,
          null,
          null,
          null,
          null,
          null,
          null,
          null,
          null,
          null,
          null
        ]
      },
      "/Users/dongockhanh/Desktop/meal-suit/meal-suite/app/controllers/concerns/json_api_renderer.rb": {
        "lines": [
          null,
          null,
          1,
          null,
          1,
          30,
          30,
          null,
          0,
          null,
          null,
          1,
          1,
          1,
          1,
          1,
          null,
          null,
          1,
          null,
          1,
          30,
          30,
          null,
          30,
          30,
          18,
          70,
          null,
          null,
          12,
          null,
          null,
          30,
          null,
          30,
          null,
          30,
          null,
          null,
          1,
          1,
          null,
          1,
          7,
          7,
          2,
          null,
          5,
          5,
          null,
          null,
          null,
          null,
          null,
          null,
          1,
          1,
          null,
          1,
          null,
          1,
          null,
          null,
          null,
          null,
          null,
          null,
          null,
          null,
          null,
          null,
          null
        ]
      },
      "/Users/dongockhanh/Desktop/meal-suit/meal-suite/app/controllers/concerns/acts_resource.rb": {
        "lines": [
          null,
          null,
          1,
          null,
          1,
          1,
          1,
          null,
          1,
          4,
          null,
          null,
          1,
          16,
          null,
          16,
          null,
          null,
          1,
          4,
          null,
          4,
          null,
          null,
          1,
          4,
          null,
          4,
          null,
          4,
          null,
          null,
          1,
          5,
          5,
          null,
          5,
          1,
          null,
          4,
          null,
          null,
          null,
          1,
          0,
          0,
          null,
          0,
          0,
          null,
          0,
          null,
          null,
          null,
          1,
          18,
          18,
          18,
          18,
          18,
          18,
          18,
          null,
          18,
          18,
          null,
          null,
          18,
          null,
          null,
          1,
          null,
          1,
          8,
          0,
          null,
          8,
          null,
          null,
          1,
          16,
          null,
          null,
          1,
          54,
          null,
          null,
          null,
          null,
          null,
          null,
          1,
          18,
          null,
          18,
          18,
          null,
          18,
          null,
          18,
          null,
          null,
          null,
          null,
          null,
          1,
          18,
          18,
          null,
          null,
          1,
          18,
          null,
          18,
          0,
          null,
          null,
          18,
          null,
          null,
          1,
          54,
          null,
          null,
          null,
          null,
          null,
          null,
          null,
          null,
          null,
          1,
          0,
          null,
          null,
          1,
          4,
          null,
          null,
          1,
          null,
          null,
          null,
          1,
          null,
          0,
          null,
          null,
          1,
          0,
          null,
          null,
          1,
          0,
          null,
          null,
          1,
          0,
          null,
          null,
          null,
          1,
          18,
          8,
          8,
          4,
          4,
          null,
          8,
          null,
          null,
          null,
          null
        ]
      },
      "/Users/dongockhanh/Desktop/meal-suit/meal-suite/app/models/comment.rb": {
        "lines": [
          null,
          null,
          null,
          null,
          null,
          null,
          null,
          null,
          null,
          null,
          null,
          null,
          null,
          1,
          null,
          1,
          1,
          null,
          null
        ]
      },
      "/Users/dongockhanh/Desktop/meal-suit/meal-suite/app/models/application_record.rb": {
        "lines": [
          1,
          null,
          1,
          null,
          null,
          null
        ]
      },
      "/Users/dongockhanh/Desktop/meal-suit/meal-suite/app/controllers/galleries_controller.rb": {
        "lines": [
          null,
          null,
          1,
          null,
          1,
          null,
          1,
          2,
          null,
          null,
          1,
          0,
          null,
          0,
          null,
          0,
          null,
          null,
          1,
          null,
          1,
          6,
          null,
          null,
          1,
          8,
          null,
          null,
          1,
          8,
          null,
          null,
          1,
          4,
          null,
          null,
          1,
          2,
          null,
          null,
          null,
          null,
          null,
          1,
          0,
          null,
          null,
          null,
          null,
          null,
          null
        ]
      },
      "/Users/dongockhanh/Desktop/meal-suit/meal-suite/app/models/gallery.rb": {
        "lines": [
          null,
          null,
          null,
          null,
          null,
          null,
          null,
          null,
          null,
          null,
          null,
          null,
          1,
          null,
          1,
          null,
          1,
          1,
          null,
          null
        ]
      },
      "/Users/dongockhanh/Desktop/meal-suit/meal-suite/app/controllers/photos_controller.rb": {
        "lines": [
          null,
          null,
          1,
          null,
          1,
          null,
          1,
          2,
          null,
          null,
          1,
          0,
          null,
          0,
          null,
          0,
          null,
          null,
          1,
          null,
          1,
          6,
          null,
          null,
          1,
          7,
          null,
          null,
          1,
          7,
          null,
          null,
          1,
          4,
          null,
          null,
          1,
          1,
          null,
          null,
          null,
          null,
          null,
          null,
          null,
          null,
          1,
          0,
          null,
          null,
          null,
          null,
          null,
          null,
          null,
          null,
          null
        ]
      },
      "/Users/dongockhanh/Desktop/meal-suit/meal-suite/app/models/photo.rb": {
        "lines": [
          null,
          null,
          null,
          null,
          null,
          null,
          null,
          null,
          null,
          null,
          null,
          null,
          null,
          null,
          1,
          null,
          1,
          null,
          1,
          1,
          1,
          null,
          1,
          null,
          1,
          22,
          null,
          null,
          null
        ]
      },
      "/Users/dongockhanh/Desktop/meal-suit/meal-suite/app/controllers/tags_controller.rb": {
        "lines": [
          null,
          null,
          1,
          null,
          1,
          null,
          1,
          null,
          1,
          2,
          2,
          null,
          null,
          null,
          null,
          2,
          null,
          null,
          1,
          1,
          null,
          1,
          null,
          1,
          null,
          1,
          null,
          null,
          1,
          1,
          null,
          1,
          null,
          1,
          null,
          1,
          null,
          null,
          1,
          null,
          1,
          8,
          null,
          null,
          1,
          12,
          null,
          null,
          1,
          12,
          null,
          null,
          1,
          6,
          null,
          null,
          1,
          1,
          null,
          null,
          null,
          null,
          1,
          4,
          null,
          null,
          null,
          null,
          null,
          1,
          3,
          null,
          null,
          null
        ]
      },
      "/Users/dongockhanh/Desktop/meal-suit/meal-suite/app/models/tag.rb": {
        "lines": [
          null,
          null,
          null,
          null,
          null,
          null,
          null,
          null,
          null,
          null,
          null,
          1,
          null,
          null
        ]
      },
      "/Users/dongockhanh/Desktop/meal-suit/meal-suite/app/controllers/v1/comments_controller.rb": {
        "lines": [
          null,
          null,
          1,
          1,
          null
        ]
      },
      "/Users/dongockhanh/Desktop/meal-suit/meal-suite/app/resources/comment_resource.rb": {
        "lines": [
          null,
          null,
          1,
          null,
          1,
          null,
          null,
          null,
          null,
          null,
          null,
          1,
          null,
          null,
          null,
          1,
          null,
          null
        ]
      },
      "/Users/dongockhanh/Desktop/meal-suit/meal-suite/app/resources/base_resource.rb": {
        "lines": [
          null,
          null,
          1,
          null,
          1,
          null,
          null
        ]
      },
      "/Users/dongockhanh/Desktop/meal-suit/meal-suite/app/controllers/v1/galleries_controller.rb": {
        "lines": [
          null,
          null,
          1,
          1,
          null
        ]
      },
      "/Users/dongockhanh/Desktop/meal-suit/meal-suite/app/resources/gallery_resource.rb": {
        "lines": [
          null,
          null,
          1,
          null,
          1,
          null,
          null,
          null,
          null,
          null,
          null,
          1,
          null,
          null,
          null,
          null,
          1,
          null,
          null
        ]
      },
      "/Users/dongockhanh/Desktop/meal-suit/meal-suite/app/controllers/v1/photos_controller.rb": {
        "lines": [
          null,
          null,
          1,
          1,
          null
        ]
      },
      "/Users/dongockhanh/Desktop/meal-suit/meal-suite/app/resources/photo_resource.rb": {
        "lines": [
          null,
          null,
          1,
          null,
          1,
          null,
          null,
          null,
          null,
          null,
          null,
          null,
          null,
          null,
          1,
          null,
          null,
          null,
          null,
          null,
          1,
          null,
          null
        ]
      },
      "/Users/dongockhanh/Desktop/meal-suit/meal-suite/app/controllers/v1/tags_controller.rb": {
        "lines": [
          null,
          null,
          1,
          1,
          null
        ]
      },
      "/Users/dongockhanh/Desktop/meal-suit/meal-suite/app/resources/tag_resource.rb": {
        "lines": [
          null,
          null,
          1,
          null,
          1,
          null,
          null,
          null,
          null,
          null,
          1,
          null,
          null,
          null,
          null,
          1,
          null,
          null
        ]
      },
      "/Users/dongockhanh/Desktop/meal-suit/meal-suite/app/models/tags_gallery.rb": {
        "lines": [
          null,
          null,
          null,
          null,
          null,
          null,
          null,
          null,
          null,
          null,
          null,
          null,
          null,
          1,
          null
        ]
      },
      "/Users/dongockhanh/Desktop/meal-suit/meal-suite/app/models/tags_source.rb": {
        "lines": [
          null,
          null,
          null,
          null,
          null,
          null,
          null,
          null,
          null,
          null,
          null,
          null,
          null,
          1,
          null,
          null
        ]
      },
      "/Users/dongockhanh/Desktop/meal-suit/meal-suite/app/models/tags_photo.rb": {
        "lines": [
          null,
          null,
          null,
          null,
          null,
          null,
          null,
          null,
          null,
          null,
          null,
          null,
          null,
          1,
          null
        ]
      },
      "/Users/dongockhanh/Desktop/meal-suit/meal-suite/app/mailers/application_mailer.rb": {
        "lines": [
          0,
          null,
          0,
          0,
          null,
          0
        ],
        "branches": {
        }
      },
      "/Users/dongockhanh/Desktop/meal-suit/meal-suite/app/jobs/application_job.rb": {
        "lines": [
          0,
          0
        ],
        "branches": {
        }
      },
      "/Users/dongockhanh/Desktop/meal-suit/meal-suite/app/helpers/application_helper.rb": {
        "lines": [
          0,
          0
        ],
        "branches": {
        }
      },
      "/Users/dongockhanh/Desktop/meal-suit/meal-suite/app/services/base_service.rb": {
        "lines": [
          null,
          null,
          0,
          null,
          0,
          0,
          0,
          null,
          0
        ],
        "branches": {
        }
      },
      "/Users/dongockhanh/Desktop/meal-suit/meal-suite/app/services/search_by_term_service.rb": {
        "lines": [
          0,
          null,
          0,
          0,
          0,
          0,
          null,
          0,
          0,
          0,
          null,
          0
        ],
        "branches": {
        }
      },
      "/Users/dongockhanh/Desktop/meal-suit/meal-suite/app/channels/application_cable/connection.rb": {
        "lines": [
          0,
          0,
          0,
          0
        ],
        "branches": {
        }
      },
      "/Users/dongockhanh/Desktop/meal-suit/meal-suite/app/channels/application_cable/channel.rb": {
        "lines": [
          0,
          0,
          0,
          0
        ],
        "branches": {
        }
      }
    },
    "timestamp": 1649300802
  }
}
